[2025-08-24T07:24:29.802Z] Error: Error parsing /Users/bai/projects/kg-edu/shared_data/openapi-schema.json: end of the stream or a document separator is expected (9:5)

  6 |     <meta name="error-status" conte ...
  7 |     <meta name="viewport" content=" ...
  8 |     <style>/*! normalize.css v4.2.0 ...
  9 |     <style>
----------^
 10 |     html, body, td, input {
 11 |         font-family: -apple-system, ...
Stack:
ParserError: Error parsing /Users/bai/projects/kg-edu/shared_data/openapi-schema.json: end of the stream or a document separator is expected (9:5)

  6 |     <meta name="error-status" conte ...
  7 |     <meta name="viewport" content=" ...
  8 |     <style>/*! normalize.css v4.2.0 ...
  9 |     <style>
----------^
 10 |     html, body, td, input {
 11 |         font-family: -apple-system, ...
    at Object.handler (/Users/bai/projects/kg-edu/frontend/kg-edu-ui/node_modules/@hey-api/json-schema-ref-parser/dist/lib/parsers/yaml.js:24:19)
    at runNextPlugin (/Users/bai/projects/kg-edu/frontend/kg-edu-ui/node_modules/@hey-api/json-schema-ref-parser/dist/lib/util/plugins.js:24:45)
    at runNextPlugin (/Users/bai/projects/kg-edu/frontend/kg-edu-ui/node_modules/@hey-api/json-schema-ref-parser/dist/lib/util/plugins.js:40:17)
